2021-11-05 00:07:26.430  INFO 14023 --- [main] tn.esprit.spring.ContratsTest.UnitTest   : Starting UnitTest on marouen113 with PID 14023 (started by root in /home/marouen113/git/Timesheet)
2021-11-05 00:07:26.444 DEBUG 14023 --- [main] tn.esprit.spring.ContratsTest.UnitTest   : Running with Spring Boot v2.1.4.RELEASE, Spring v5.1.6.RELEASE
2021-11-05 00:07:26.446  INFO 14023 --- [main] tn.esprit.spring.ContratsTest.UnitTest   : No active profile set, falling back to default profiles: default
2021-11-05 00:07:27.560  INFO 14023 --- [main] .s.d.r.c.RepositoryConfigurationDelegate : Bootstrapping Spring Data repositories in DEFAULT mode.
2021-11-05 00:07:27.675  INFO 14023 --- [main] .s.d.r.c.RepositoryConfigurationDelegate : Finished Spring Data repository scanning in 105ms. Found 6 repository interfaces.
2021-11-05 00:07:28.627  INFO 14023 --- [main] trationDelegate$BeanPostProcessorChecker : Bean 'org.springframework.transaction.annotation.ProxyTransactionManagementConfiguration' of type [org.springframework.transaction.annotation.ProxyTransactionManagementConfiguration$$EnhancerBySpringCGLIB$$897191c0] is not eligible for getting processed by all BeanPostProcessors (for example: not eligible for auto-proxying)
2021-11-05 00:07:28.881  INFO 14023 --- [main] com.zaxxer.hikari.HikariDataSource       : HikariPool-1 - Starting...
2021-11-05 00:07:29.090  INFO 14023 --- [main] com.zaxxer.hikari.HikariDataSource       : HikariPool-1 - Start completed.
2021-11-05 00:07:29.179  INFO 14023 --- [main] o.hibernate.jpa.internal.util.LogHelper  : HHH000204: Processing PersistenceUnitInfo [
	name: default
	...]
2021-11-05 00:07:29.268  INFO 14023 --- [main] org.hibernate.Version                    : HHH000412: Hibernate Core {5.3.9.Final}
2021-11-05 00:07:29.270  INFO 14023 --- [main] org.hibernate.cfg.Environment            : HHH000206: hibernate.properties not found
2021-11-05 00:07:29.318  INFO 14023 --- [main] o.hibernate.annotations.common.Version   : HCANN000001: Hibernate Commons Annotations {5.0.4.Final}
2021-11-05 00:07:29.473  INFO 14023 --- [main] org.hibernate.dialect.Dialect            : HHH000400: Using dialect: org.hibernate.dialect.MySQL5Dialect
2021-11-05 00:07:33.882  INFO 14023 --- [main] j.LocalContainerEntityManagerFactoryBean : Initialized JPA EntityManagerFactory for persistence unit 'default'
2021-11-05 00:07:34.319  INFO 14023 --- [main] o.h.h.i.QueryTranslatorFactoryInitiator  : HHH000397: Using ASTQueryTranslatorFactory
2021-11-05 00:07:35.377  INFO 14023 --- [main] o.s.s.concurrent.ThreadPoolTaskExecutor  : Initializing ExecutorService 'applicationTaskExecutor'
2021-11-05 00:07:35.444  WARN 14023 --- [main] aWebConfiguration$JpaWebMvcConfiguration : spring.jpa.open-in-view is enabled by default. Therefore, database queries may be performed during view rendering. Explicitly configure spring.jpa.open-in-view to disable this warning
2021-11-05 00:07:35.849  INFO 14023 --- [main] tn.esprit.spring.ContratsTest.UnitTest   : Started UnitTest in 9.869 seconds (JVM running for 11.112)
2021-11-05 00:07:36.029  INFO 14023 --- [Time-limited test] tn.esprit.spring.ContratsTest.UnitTest   : affichage c: tn.esprit.spring.entities.Contrat@3fe6e0ae
2021-11-05 00:07:36.030  INFO 14023 --- [Time-limited test] tn.esprit.spring.ContratsTest.UnitTest   : test add contrat success
2021-11-05 00:07:36.036  INFO 14023 --- [Time-limited test] tn.esprit.spring.ContratsTest.UnitTest   : entring to test getAllContrats
2021-11-05 00:07:36.046  INFO 14023 --- [Thread-1] o.s.s.concurrent.ThreadPoolTaskExecutor  : Shutting down ExecutorService 'applicationTaskExecutor'
2021-11-05 00:07:36.048  INFO 14023 --- [Thread-1] j.LocalContainerEntityManagerFactoryBean : Closing JPA EntityManagerFactory for persistence unit 'default'
2021-11-05 00:07:36.051  INFO 14023 --- [Thread-1] com.zaxxer.hikari.HikariDataSource       : HikariPool-1 - Shutdown initiated...
2021-11-05 00:07:36.056  INFO 14023 --- [Thread-1] com.zaxxer.hikari.HikariDataSource       : HikariPool-1 - Shutdown completed.
2021-11-05 00:08:28.167  INFO 14220 --- [main] tn.esprit.spring.ContratsTest.UnitTest   : Starting UnitTest on marouen113 with PID 14220 (started by root in /home/marouen113/git/Timesheet)
2021-11-05 00:08:28.169 DEBUG 14220 --- [main] tn.esprit.spring.ContratsTest.UnitTest   : Running with Spring Boot v2.1.4.RELEASE, Spring v5.1.6.RELEASE
2021-11-05 00:08:28.171  INFO 14220 --- [main] tn.esprit.spring.ContratsTest.UnitTest   : No active profile set, falling back to default profiles: default
2021-11-05 00:08:29.230  INFO 14220 --- [main] .s.d.r.c.RepositoryConfigurationDelegate : Bootstrapping Spring Data repositories in DEFAULT mode.
2021-11-05 00:08:29.345  INFO 14220 --- [main] .s.d.r.c.RepositoryConfigurationDelegate : Finished Spring Data repository scanning in 105ms. Found 6 repository interfaces.
2021-11-05 00:08:30.441  INFO 14220 --- [main] trationDelegate$BeanPostProcessorChecker : Bean 'org.springframework.transaction.annotation.ProxyTransactionManagementConfiguration' of type [org.springframework.transaction.annotation.ProxyTransactionManagementConfiguration$$EnhancerBySpringCGLIB$$a5c42342] is not eligible for getting processed by all BeanPostProcessors (for example: not eligible for auto-proxying)
2021-11-05 00:08:30.733  INFO 14220 --- [main] com.zaxxer.hikari.HikariDataSource       : HikariPool-1 - Starting...
2021-11-05 00:08:31.531  INFO 14220 --- [main] com.zaxxer.hikari.HikariDataSource       : HikariPool-1 - Start completed.
2021-11-05 00:08:31.617  INFO 14220 --- [main] o.hibernate.jpa.internal.util.LogHelper  : HHH000204: Processing PersistenceUnitInfo [
	name: default
	...]
2021-11-05 00:08:31.710  INFO 14220 --- [main] org.hibernate.Version                    : HHH000412: Hibernate Core {5.3.9.Final}
2021-11-05 00:08:31.712  INFO 14220 --- [main] org.hibernate.cfg.Environment            : HHH000206: hibernate.properties not found
2021-11-05 00:08:31.775  INFO 14220 --- [main] o.hibernate.annotations.common.Version   : HCANN000001: Hibernate Commons Annotations {5.0.4.Final}
2021-11-05 00:08:31.957  INFO 14220 --- [main] org.hibernate.dialect.Dialect            : HHH000400: Using dialect: org.hibernate.dialect.MySQL5Dialect
2021-11-05 00:08:36.461  INFO 14220 --- [main] j.LocalContainerEntityManagerFactoryBean : Initialized JPA EntityManagerFactory for persistence unit 'default'
2021-11-05 00:08:37.057  INFO 14220 --- [main] o.h.h.i.QueryTranslatorFactoryInitiator  : HHH000397: Using ASTQueryTranslatorFactory
2021-11-05 00:08:38.723  INFO 14220 --- [main] o.s.s.concurrent.ThreadPoolTaskExecutor  : Initializing ExecutorService 'applicationTaskExecutor'
2021-11-05 00:08:38.858  WARN 14220 --- [main] aWebConfiguration$JpaWebMvcConfiguration : spring.jpa.open-in-view is enabled by default. Therefore, database queries may be performed during view rendering. Explicitly configure spring.jpa.open-in-view to disable this warning
2021-11-05 00:08:39.446  INFO 14220 --- [main] tn.esprit.spring.ContratsTest.UnitTest   : Started UnitTest in 11.816 seconds (JVM running for 13.187)
2021-11-05 00:08:39.713  INFO 14220 --- [Time-limited test] tn.esprit.spring.ContratsTest.UnitTest   : affichage c: tn.esprit.spring.entities.Contrat@79d945f3
2021-11-05 00:08:39.716  INFO 14220 --- [Time-limited test] tn.esprit.spring.ContratsTest.UnitTest   : test add contrat success
2021-11-05 00:08:39.728  INFO 14220 --- [Time-limited test] tn.esprit.spring.ContratsTest.UnitTest   : entring to test getAllContrats
2021-11-05 00:08:39.796  INFO 14220 --- [Thread-1] o.s.s.concurrent.ThreadPoolTaskExecutor  : Shutting down ExecutorService 'applicationTaskExecutor'
2021-11-05 00:08:39.801  INFO 14220 --- [Thread-1] j.LocalContainerEntityManagerFactoryBean : Closing JPA EntityManagerFactory for persistence unit 'default'
2021-11-05 00:08:39.807  INFO 14220 --- [Thread-1] com.zaxxer.hikari.HikariDataSource       : HikariPool-1 - Shutdown initiated...
2021-11-05 00:08:39.835  INFO 14220 --- [Thread-1] com.zaxxer.hikari.HikariDataSource       : HikariPool-1 - Shutdown completed.
