2021-11-09 13:07:13.959  INFO 20720 --- [main] t.e.spring.test.mission.MissionTest      : Starting MissionTest on DESKTOP-9O7ITRM with PID 20720 (started by ameni in C:\Users\ameni\Desktop\dev\Timesheet)
2021-11-09 13:07:13.985  INFO 20720 --- [main] t.e.spring.test.mission.MissionTest      : No active profile set, falling back to default profiles: default
2021-11-09 13:07:22.958  INFO 20720 --- [main] .s.d.r.c.RepositoryConfigurationDelegate : Bootstrapping Spring Data repositories in DEFAULT mode.
2021-11-09 13:07:23.478  INFO 20720 --- [main] .s.d.r.c.RepositoryConfigurationDelegate : Finished Spring Data repository scanning in 418ms. Found 6 repository interfaces.
2021-11-09 13:07:26.624  INFO 20720 --- [main] trationDelegate$BeanPostProcessorChecker : Bean 'org.springframework.transaction.annotation.ProxyTransactionManagementConfiguration' of type [org.springframework.transaction.annotation.ProxyTransactionManagementConfiguration$$EnhancerBySpringCGLIB$$8a72ac2f] is not eligible for getting processed by all BeanPostProcessors (for example: not eligible for auto-proxying)
2021-11-09 13:07:27.482  INFO 20720 --- [main] com.zaxxer.hikari.HikariDataSource       : HikariPool-1 - Starting...
2021-11-09 13:07:28.176  INFO 20720 --- [main] com.zaxxer.hikari.HikariDataSource       : HikariPool-1 - Start completed.
2021-11-09 13:07:28.756  INFO 20720 --- [main] o.hibernate.jpa.internal.util.LogHelper  : HHH000204: Processing PersistenceUnitInfo [
	name: default
	...]
2021-11-09 13:07:29.062  INFO 20720 --- [main] org.hibernate.Version                    : HHH000412: Hibernate Core {5.3.9.Final}
2021-11-09 13:07:29.067  INFO 20720 --- [main] org.hibernate.cfg.Environment            : HHH000206: hibernate.properties not found
2021-11-09 13:07:29.414  INFO 20720 --- [main] o.hibernate.annotations.common.Version   : HCANN000001: Hibernate Commons Annotations {5.0.4.Final}
2021-11-09 13:07:31.813  INFO 20720 --- [main] org.hibernate.dialect.Dialect            : HHH000400: Using dialect: org.hibernate.dialect.MySQL5Dialect
2021-11-09 13:08:00.606  INFO 20720 --- [main] j.LocalContainerEntityManagerFactoryBean : Initialized JPA EntityManagerFactory for persistence unit 'default'
2021-11-09 13:08:03.017  INFO 20720 --- [main] o.h.h.i.QueryTranslatorFactoryInitiator  : HHH000397: Using ASTQueryTranslatorFactory
2021-11-09 13:08:15.231  INFO 20720 --- [main] o.s.s.concurrent.ThreadPoolTaskExecutor  : Initializing ExecutorService 'applicationTaskExecutor'
2021-11-09 13:08:15.845  WARN 20720 --- [main] aWebConfiguration$JpaWebMvcConfiguration : spring.jpa.open-in-view is enabled by default. Therefore, database queries may be performed during view rendering. Explicitly configure spring.jpa.open-in-view to disable this warning
2021-11-09 13:08:20.156  INFO 20720 --- [main] t.e.spring.test.mission.MissionTest      : Started MissionTest in 67.272 seconds (JVM running for 87.253)
2021-11-09 13:08:20.531  INFO 20720 --- [Time-limited test] t.e.spring.test.mission.MissionTest      : let's start , show me all missions ? 
2021-11-09 13:08:20.779  INFO 20720 --- [Time-limited test] t.e.spring.test.mission.MissionTest      : started add test ! 
2021-11-09 13:08:20.806  INFO 20720 --- [Time-limited test] t.e.spring.test.mission.MissionTest      : first missiontn.esprit.spring.entities.Mission@361680c0
2021-11-09 13:08:20.808  INFO 20720 --- [Time-limited test] t.e.spring.test.mission.MissionTest      : Test add mission done successfully ! 
2021-11-09 13:08:20.968  INFO 20720 --- [main] tn.esprit.spring.test.TimeSheetTest      : Starting TimeSheetTest on DESKTOP-9O7ITRM with PID 20720 (started by ameni in C:\Users\ameni\Desktop\dev\Timesheet)
2021-11-09 13:08:20.969  INFO 20720 --- [main] tn.esprit.spring.test.TimeSheetTest      : No active profile set, falling back to default profiles: default
2021-11-09 13:08:21.055  INFO 20720 --- [main] tn.esprit.spring.test.TimeSheetTest      : Started TimeSheetTest in 0.238 seconds (JVM running for 88.152)
2021-11-09 13:08:21.124  INFO 20720 --- [Thread-3] o.s.s.concurrent.ThreadPoolTaskExecutor  : Shutting down ExecutorService 'applicationTaskExecutor'
2021-11-09 13:08:21.126  INFO 20720 --- [Thread-3] j.LocalContainerEntityManagerFactoryBean : Closing JPA EntityManagerFactory for persistence unit 'default'
2021-11-09 13:08:21.130  INFO 20720 --- [Thread-3] com.zaxxer.hikari.HikariDataSource       : HikariPool-1 - Shutdown initiated...
2021-11-09 13:08:21.153  INFO 20720 --- [Thread-3] com.zaxxer.hikari.HikariDataSource       : HikariPool-1 - Shutdown completed.
